mode: set
/Users/haoxingjian/Desktop/modist/routing/tapestry/testing_utils.go:14.44,16.25 2 1
/Users/haoxingjian/Desktop/modist/routing/tapestry/testing_utils.go:20.2,20.14 1 1
/Users/haoxingjian/Desktop/modist/routing/tapestry/testing_utils.go:16.25,19.3 2 1
/Users/haoxingjian/Desktop/modist/routing/tapestry/testing_utils.go:23.71,24.25 1 1
/Users/haoxingjian/Desktop/modist/routing/tapestry/testing_utils.go:31.2,31.8 1 1
/Users/haoxingjian/Desktop/modist/routing/tapestry/testing_utils.go:24.25,26.17 2 1
/Users/haoxingjian/Desktop/modist/routing/tapestry/testing_utils.go:29.3,29.36 1 1
/Users/haoxingjian/Desktop/modist/routing/tapestry/testing_utils.go:26.17,28.4 1 0
/Users/haoxingjian/Desktop/modist/routing/tapestry/testing_utils.go:35.79,37.16 2 1
/Users/haoxingjian/Desktop/modist/routing/tapestry/testing_utils.go:41.2,43.32 3 1
/Users/haoxingjian/Desktop/modist/routing/tapestry/testing_utils.go:62.2,62.24 1 1
/Users/haoxingjian/Desktop/modist/routing/tapestry/testing_utils.go:37.16,39.3 1 0
/Users/haoxingjian/Desktop/modist/routing/tapestry/testing_utils.go:43.32,48.27 2 1
/Users/haoxingjian/Desktop/modist/routing/tapestry/testing_utils.go:55.3,56.15 2 1
/Users/haoxingjian/Desktop/modist/routing/tapestry/testing_utils.go:59.3,60.36 2 1
/Users/haoxingjian/Desktop/modist/routing/tapestry/testing_utils.go:48.27,51.4 2 1
/Users/haoxingjian/Desktop/modist/routing/tapestry/testing_utils.go:51.9,53.4 1 1
/Users/haoxingjian/Desktop/modist/routing/tapestry/testing_utils.go:56.15,58.4 1 0
/Users/haoxingjian/Desktop/modist/routing/tapestry/testing_utils.go:73.42,75.16 2 1
/Users/haoxingjian/Desktop/modist/routing/tapestry/testing_utils.go:78.2,79.16 2 1
/Users/haoxingjian/Desktop/modist/routing/tapestry/testing_utils.go:83.2,88.39 5 1
/Users/haoxingjian/Desktop/modist/routing/tapestry/testing_utils.go:107.2,107.36 1 1
/Users/haoxingjian/Desktop/modist/routing/tapestry/testing_utils.go:75.16,77.3 1 0
/Users/haoxingjian/Desktop/modist/routing/tapestry/testing_utils.go:79.16,81.3 1 0
/Users/haoxingjian/Desktop/modist/routing/tapestry/testing_utils.go:88.39,93.27 2 1
/Users/haoxingjian/Desktop/modist/routing/tapestry/testing_utils.go:100.3,101.15 2 1
/Users/haoxingjian/Desktop/modist/routing/tapestry/testing_utils.go:104.3,105.36 2 1
/Users/haoxingjian/Desktop/modist/routing/tapestry/testing_utils.go:93.27,96.4 2 1
/Users/haoxingjian/Desktop/modist/routing/tapestry/testing_utils.go:96.9,98.4 1 1
/Users/haoxingjian/Desktop/modist/routing/tapestry/testing_utils.go:101.15,103.4 1 0
/Users/haoxingjian/Desktop/modist/routing/tapestry/testing_utils.go:110.42,111.23 1 1
/Users/haoxingjian/Desktop/modist/routing/tapestry/testing_utils.go:111.23,115.3 3 1
/Users/haoxingjian/Desktop/modist/routing/tapestry/testing_utils.go:119.52,124.2 1 1
/Users/haoxingjian/Desktop/modist/routing/tapestry/location_map.go:24.36,28.2 3 1
/Users/haoxingjian/Desktop/modist/routing/tapestry/location_map.go:32.85,38.13 4 1
/Users/haoxingjian/Desktop/modist/routing/tapestry/location_map.go:43.2,44.13 2 1
/Users/haoxingjian/Desktop/modist/routing/tapestry/location_map.go:50.2,50.16 1 1
/Users/haoxingjian/Desktop/modist/routing/tapestry/location_map.go:38.13,40.3 1 1
/Users/haoxingjian/Desktop/modist/routing/tapestry/location_map.go:44.13,46.3 1 1
/Users/haoxingjian/Desktop/modist/routing/tapestry/location_map.go:46.8,48.3 1 1
/Users/haoxingjian/Desktop/modist/routing/tapestry/location_map.go:54.87,58.34 3 1
/Users/haoxingjian/Desktop/modist/routing/tapestry/location_map.go:58.34,60.14 2 1
/Users/haoxingjian/Desktop/modist/routing/tapestry/location_map.go:63.3,63.30 1 1
/Users/haoxingjian/Desktop/modist/routing/tapestry/location_map.go:60.14,62.4 1 1
/Users/haoxingjian/Desktop/modist/routing/tapestry/location_map.go:63.30,65.4 1 1
/Users/haoxingjian/Desktop/modist/routing/tapestry/location_map.go:71.64,79.2 5 0
/Users/haoxingjian/Desktop/modist/routing/tapestry/location_map.go:83.66,91.2 5 0
/Users/haoxingjian/Desktop/modist/routing/tapestry/location_map.go:94.56,100.2 4 1
/Users/haoxingjian/Desktop/modist/routing/tapestry/location_map.go:106.19,112.38 4 1
/Users/haoxingjian/Desktop/modist/routing/tapestry/location_map.go:119.2,119.28 1 1
/Users/haoxingjian/Desktop/modist/routing/tapestry/location_map.go:123.2,123.17 1 1
/Users/haoxingjian/Desktop/modist/routing/tapestry/location_map.go:112.38,114.50 1 0
/Users/haoxingjian/Desktop/modist/routing/tapestry/location_map.go:114.50,116.4 1 0
/Users/haoxingjian/Desktop/modist/routing/tapestry/location_map.go:119.28,121.3 1 0
/Users/haoxingjian/Desktop/modist/routing/tapestry/location_map.go:131.15,132.19 1 1
/Users/haoxingjian/Desktop/modist/routing/tapestry/location_map.go:146.2,146.40 1 1
/Users/haoxingjian/Desktop/modist/routing/tapestry/location_map.go:132.19,138.13 4 0
/Users/haoxingjian/Desktop/modist/routing/tapestry/location_map.go:143.3,143.23 1 0
/Users/haoxingjian/Desktop/modist/routing/tapestry/location_map.go:138.13,141.4 2 0
/Users/haoxingjian/Desktop/modist/routing/tapestry/location_map.go:150.53,151.28 1 1
/Users/haoxingjian/Desktop/modist/routing/tapestry/location_map.go:154.2,154.8 1 1
/Users/haoxingjian/Desktop/modist/routing/tapestry/location_map.go:151.28,153.3 1 1
/Users/haoxingjian/Desktop/modist/routing/tapestry/node_init.go:59.44,61.2 1 1
/Users/haoxingjian/Desktop/modist/routing/tapestry/node_init.go:64.53,77.2 9 1
/Users/haoxingjian/Desktop/modist/routing/tapestry/node_init.go:80.100,90.10 5 1
/Users/haoxingjian/Desktop/modist/routing/tapestry/node_init.go:107.2,107.16 1 1
/Users/haoxingjian/Desktop/modist/routing/tapestry/node_init.go:90.10,92.46 1 1
/Users/haoxingjian/Desktop/modist/routing/tapestry/node_init.go:100.3,101.17 2 1
/Users/haoxingjian/Desktop/modist/routing/tapestry/node_init.go:92.46,98.4 1 0
/Users/haoxingjian/Desktop/modist/routing/tapestry/node_init.go:101.17,104.4 2 0
/Users/haoxingjian/Desktop/modist/routing/tapestry/node_init.go:111.76,112.25 1 1
/Users/haoxingjian/Desktop/modist/routing/tapestry/node_init.go:112.25,114.3 1 1
/Users/haoxingjian/Desktop/modist/routing/tapestry/node_init.go:114.8,115.45 1 1
/Users/haoxingjian/Desktop/modist/routing/tapestry/node_init.go:120.3,120.24 1 1
/Users/haoxingjian/Desktop/modist/routing/tapestry/node_init.go:115.45,119.4 1 1
/Users/haoxingjian/Desktop/modist/routing/tapestry/node_init.go:130.56,135.16 3 1
/Users/haoxingjian/Desktop/modist/routing/tapestry/node_init.go:138.2,148.16 6 1
/Users/haoxingjian/Desktop/modist/routing/tapestry/node_init.go:153.2,154.16 2 1
/Users/haoxingjian/Desktop/modist/routing/tapestry/node_init.go:158.2,159.43 2 1
/Users/haoxingjian/Desktop/modist/routing/tapestry/node_init.go:166.2,166.20 1 1
/Users/haoxingjian/Desktop/modist/routing/tapestry/node_init.go:173.2,177.17 4 1
/Users/haoxingjian/Desktop/modist/routing/tapestry/node_init.go:228.2,228.12 1 1
/Users/haoxingjian/Desktop/modist/routing/tapestry/node_init.go:135.16,137.3 1 0
/Users/haoxingjian/Desktop/modist/routing/tapestry/node_init.go:148.16,150.3 1 0
/Users/haoxingjian/Desktop/modist/routing/tapestry/node_init.go:154.16,156.3 1 0
/Users/haoxingjian/Desktop/modist/routing/tapestry/node_init.go:159.43,160.29 1 1
/Users/haoxingjian/Desktop/modist/routing/tapestry/node_init.go:160.29,162.4 1 0
/Users/haoxingjian/Desktop/modist/routing/tapestry/node_init.go:162.9,164.4 1 1
/Users/haoxingjian/Desktop/modist/routing/tapestry/node_init.go:166.20,168.3 1 0
/Users/haoxingjian/Desktop/modist/routing/tapestry/node_init.go:177.17,182.44 4 1
/Users/haoxingjian/Desktop/modist/routing/tapestry/node_init.go:202.3,202.43 1 1
/Users/haoxingjian/Desktop/modist/routing/tapestry/node_init.go:207.3,211.44 3 1
/Users/haoxingjian/Desktop/modist/routing/tapestry/node_init.go:219.3,219.21 1 1
/Users/haoxingjian/Desktop/modist/routing/tapestry/node_init.go:224.3,225.10 2 1
/Users/haoxingjian/Desktop/modist/routing/tapestry/node_init.go:182.44,183.38 1 1
/Users/haoxingjian/Desktop/modist/routing/tapestry/node_init.go:183.38,190.19 4 1
/Users/haoxingjian/Desktop/modist/routing/tapestry/node_init.go:190.19,194.6 2 0
/Users/haoxingjian/Desktop/modist/routing/tapestry/node_init.go:194.11,198.6 2 1
/Users/haoxingjian/Desktop/modist/routing/tapestry/node_init.go:202.43,205.4 2 1
/Users/haoxingjian/Desktop/modist/routing/tapestry/node_init.go:211.44,212.28 1 1
/Users/haoxingjian/Desktop/modist/routing/tapestry/node_init.go:212.28,214.5 1 1
/Users/haoxingjian/Desktop/modist/routing/tapestry/node_init.go:214.10,217.5 1 1
/Users/haoxingjian/Desktop/modist/routing/tapestry/node_init.go:219.21,221.4 1 1
/Users/haoxingjian/Desktop/modist/routing/tapestry/node_init.go:238.26,240.16 2 1
/Users/haoxingjian/Desktop/modist/routing/tapestry/node_init.go:244.2,248.71 2 1
/Users/haoxingjian/Desktop/modist/routing/tapestry/node_init.go:240.16,242.3 1 0
/Users/haoxingjian/Desktop/modist/routing/tapestry/node_init.go:253.61,257.37 3 1
/Users/haoxingjian/Desktop/modist/routing/tapestry/node_init.go:266.2,266.15 1 1
/Users/haoxingjian/Desktop/modist/routing/tapestry/node_init.go:257.37,258.29 1 1
/Users/haoxingjian/Desktop/modist/routing/tapestry/node_init.go:258.29,259.31 1 1
/Users/haoxingjian/Desktop/modist/routing/tapestry/node_init.go:259.31,262.5 2 1
/Users/haoxingjian/Desktop/modist/routing/tapestry/node_init.go:269.45,273.33 3 1
/Users/haoxingjian/Desktop/modist/routing/tapestry/node_init.go:282.2,282.15 1 1
/Users/haoxingjian/Desktop/modist/routing/tapestry/node_init.go:273.33,274.29 1 1
/Users/haoxingjian/Desktop/modist/routing/tapestry/node_init.go:274.29,275.31 1 1
/Users/haoxingjian/Desktop/modist/routing/tapestry/node_init.go:275.31,278.5 2 1
/Users/haoxingjian/Desktop/modist/routing/tapestry/node_init.go:298.26,300.16 2 1
/Users/haoxingjian/Desktop/modist/routing/tapestry/node_init.go:303.2,308.21 3 1
/Users/haoxingjian/Desktop/modist/routing/tapestry/node_init.go:337.2,342.31 5 1
/Users/haoxingjian/Desktop/modist/routing/tapestry/node_init.go:367.2,367.38 1 1
/Users/haoxingjian/Desktop/modist/routing/tapestry/node_init.go:373.2,376.21 3 1
/Users/haoxingjian/Desktop/modist/routing/tapestry/node_init.go:300.16,302.3 1 0
/Users/haoxingjian/Desktop/modist/routing/tapestry/node_init.go:308.21,312.46 2 1
/Users/haoxingjian/Desktop/modist/routing/tapestry/node_init.go:334.3,334.58 1 1
/Users/haoxingjian/Desktop/modist/routing/tapestry/node_init.go:312.46,316.41 3 1
/Users/haoxingjian/Desktop/modist/routing/tapestry/node_init.go:320.4,326.18 4 1
/Users/haoxingjian/Desktop/modist/routing/tapestry/node_init.go:316.41,318.5 1 0
/Users/haoxingjian/Desktop/modist/routing/tapestry/node_init.go:326.18,331.5 2 0
/Users/haoxingjian/Desktop/modist/routing/tapestry/node_init.go:342.31,343.29 1 1
/Users/haoxingjian/Desktop/modist/routing/tapestry/node_init.go:343.29,351.18 4 1
/Users/haoxingjian/Desktop/modist/routing/tapestry/node_init.go:351.18,355.5 2 0
/Users/haoxingjian/Desktop/modist/routing/tapestry/node_init.go:355.10,357.42 1 1
/Users/haoxingjian/Desktop/modist/routing/tapestry/node_init.go:357.42,360.6 1 1
/Users/haoxingjian/Desktop/modist/routing/tapestry/node_init.go:360.11,362.6 1 1
/Users/haoxingjian/Desktop/modist/routing/tapestry/node_init.go:367.38,370.3 2 1
/Users/haoxingjian/Desktop/modist/routing/tapestry/node_init.go:384.19,386.16 2 1
/Users/haoxingjian/Desktop/modist/routing/tapestry/node_init.go:390.2,390.32 1 1
/Users/haoxingjian/Desktop/modist/routing/tapestry/node_init.go:393.2,398.16 3 1
/Users/haoxingjian/Desktop/modist/routing/tapestry/node_init.go:386.16,388.3 1 0
/Users/haoxingjian/Desktop/modist/routing/tapestry/node_init.go:390.32,392.3 1 1
/Users/haoxingjian/Desktop/modist/routing/tapestry/node_init.go:405.19,407.16 2 1
/Users/haoxingjian/Desktop/modist/routing/tapestry/node_init.go:411.2,411.35 1 1
/Users/haoxingjian/Desktop/modist/routing/tapestry/node_init.go:415.2,418.16 2 1
/Users/haoxingjian/Desktop/modist/routing/tapestry/node_init.go:407.16,409.3 1 1
/Users/haoxingjian/Desktop/modist/routing/tapestry/node_init.go:411.35,413.3 1 1
/Users/haoxingjian/Desktop/modist/routing/tapestry/node_init.go:426.26,428.16 2 1
/Users/haoxingjian/Desktop/modist/routing/tapestry/node_init.go:431.2,436.16 5 1
/Users/haoxingjian/Desktop/modist/routing/tapestry/node_init.go:440.2,443.18 2 1
/Users/haoxingjian/Desktop/modist/routing/tapestry/node_init.go:428.16,430.3 1 0
/Users/haoxingjian/Desktop/modist/routing/tapestry/node_init.go:436.16,438.3 1 0
/Users/haoxingjian/Desktop/modist/routing/tapestry/node_init.go:452.19,455.16 2 1
/Users/haoxingjian/Desktop/modist/routing/tapestry/node_init.go:459.2,459.35 1 1
/Users/haoxingjian/Desktop/modist/routing/tapestry/node_init.go:468.2,471.18 2 1
/Users/haoxingjian/Desktop/modist/routing/tapestry/node_init.go:455.16,457.3 1 0
/Users/haoxingjian/Desktop/modist/routing/tapestry/node_init.go:459.35,460.34 1 1
/Users/haoxingjian/Desktop/modist/routing/tapestry/node_init.go:463.3,463.41 1 1
/Users/haoxingjian/Desktop/modist/routing/tapestry/node_init.go:460.34,462.4 1 1
/Users/haoxingjian/Desktop/modist/routing/tapestry/node_init.go:463.41,465.4 1 1
/Users/haoxingjian/Desktop/modist/routing/tapestry/node_init.go:479.60,481.8 2 1
/Users/haoxingjian/Desktop/modist/routing/tapestry/node_init.go:506.2,506.12 1 1
/Users/haoxingjian/Desktop/modist/routing/tapestry/node_init.go:481.8,483.28 1 1
/Users/haoxingjian/Desktop/modist/routing/tapestry/node_init.go:493.3,493.22 1 1
/Users/haoxingjian/Desktop/modist/routing/tapestry/node_init.go:483.28,487.18 4 1
/Users/haoxingjian/Desktop/modist/routing/tapestry/node_init.go:487.18,490.5 1 0
/Users/haoxingjian/Desktop/modist/routing/tapestry/node_init.go:493.22,496.26 2 1
/Users/haoxingjian/Desktop/modist/routing/tapestry/node_init.go:496.26,500.19 4 1
/Users/haoxingjian/Desktop/modist/routing/tapestry/node_init.go:500.19,502.6 1 0
/Users/haoxingjian/Desktop/modist/routing/tapestry/routing_table.go:28.43,33.30 3 1
/Users/haoxingjian/Desktop/modist/routing/tapestry/routing_table.go:40.2,40.30 1 1
/Users/haoxingjian/Desktop/modist/routing/tapestry/routing_table.go:45.2,45.10 1 1
/Users/haoxingjian/Desktop/modist/routing/tapestry/routing_table.go:33.30,34.29 1 1
/Users/haoxingjian/Desktop/modist/routing/tapestry/routing_table.go:34.29,36.4 1 1
/Users/haoxingjian/Desktop/modist/routing/tapestry/routing_table.go:40.30,43.3 2 1
/Users/haoxingjian/Desktop/modist/routing/tapestry/routing_table.go:56.72,62.21 4 1
/Users/haoxingjian/Desktop/modist/routing/tapestry/routing_table.go:65.2,67.33 2 1
/Users/haoxingjian/Desktop/modist/routing/tapestry/routing_table.go:91.2,92.18 2 1
/Users/haoxingjian/Desktop/modist/routing/tapestry/routing_table.go:62.21,64.3 1 1
/Users/haoxingjian/Desktop/modist/routing/tapestry/routing_table.go:67.33,69.39 1 1
/Users/haoxingjian/Desktop/modist/routing/tapestry/routing_table.go:75.3,75.42 1 1
/Users/haoxingjian/Desktop/modist/routing/tapestry/routing_table.go:69.39,70.47 1 1
/Users/haoxingjian/Desktop/modist/routing/tapestry/routing_table.go:70.47,72.5 1 1
/Users/haoxingjian/Desktop/modist/routing/tapestry/routing_table.go:75.42,77.40 2 1
/Users/haoxingjian/Desktop/modist/routing/tapestry/routing_table.go:82.4,82.71 1 1
/Users/haoxingjian/Desktop/modist/routing/tapestry/routing_table.go:87.4,87.21 1 1
/Users/haoxingjian/Desktop/modist/routing/tapestry/routing_table.go:77.40,78.83 1 1
/Users/haoxingjian/Desktop/modist/routing/tapestry/routing_table.go:78.83,80.6 1 1
/Users/haoxingjian/Desktop/modist/routing/tapestry/routing_table.go:82.71,86.5 3 1
/Users/haoxingjian/Desktop/modist/routing/tapestry/routing_table.go:98.66,103.31 3 1
/Users/haoxingjian/Desktop/modist/routing/tapestry/routing_table.go:107.2,110.38 3 1
/Users/haoxingjian/Desktop/modist/routing/tapestry/routing_table.go:118.2,118.14 1 1
/Users/haoxingjian/Desktop/modist/routing/tapestry/routing_table.go:103.31,105.3 1 0
/Users/haoxingjian/Desktop/modist/routing/tapestry/routing_table.go:110.38,111.46 1 1
/Users/haoxingjian/Desktop/modist/routing/tapestry/routing_table.go:111.46,116.4 2 1
/Users/haoxingjian/Desktop/modist/routing/tapestry/routing_table.go:122.59,130.28 5 1
/Users/haoxingjian/Desktop/modist/routing/tapestry/routing_table.go:138.2,138.18 1 1
/Users/haoxingjian/Desktop/modist/routing/tapestry/routing_table.go:130.28,131.32 1 1
/Users/haoxingjian/Desktop/modist/routing/tapestry/routing_table.go:131.32,133.27 2 1
/Users/haoxingjian/Desktop/modist/routing/tapestry/routing_table.go:133.27,135.5 1 1
/Users/haoxingjian/Desktop/modist/routing/tapestry/routing_table.go:142.59,147.21 3 1
/Users/haoxingjian/Desktop/modist/routing/tapestry/routing_table.go:167.2,167.18 1 1
/Users/haoxingjian/Desktop/modist/routing/tapestry/routing_table.go:147.21,151.36 3 1
/Users/haoxingjian/Desktop/modist/routing/tapestry/routing_table.go:161.3,161.41 1 1
/Users/haoxingjian/Desktop/modist/routing/tapestry/routing_table.go:165.3,165.10 1 1
/Users/haoxingjian/Desktop/modist/routing/tapestry/routing_table.go:151.36,153.26 2 1
/Users/haoxingjian/Desktop/modist/routing/tapestry/routing_table.go:158.4,158.26 1 1
/Users/haoxingjian/Desktop/modist/routing/tapestry/routing_table.go:153.26,157.5 2 0
/Users/haoxingjian/Desktop/modist/routing/tapestry/routing_table.go:161.41,163.4 1 1
/Users/haoxingjian/Desktop/modist/routing/tapestry/tapestry.go:34.33,40.16 4 1
/Users/haoxingjian/Desktop/modist/routing/tapestry/tapestry.go:45.2,57.10 6 1
/Users/haoxingjian/Desktop/modist/routing/tapestry/tapestry.go:40.16,43.3 2 0
/Users/haoxingjian/Desktop/modist/routing/tapestry/tapestry.go:63.33,69.16 4 0
/Users/haoxingjian/Desktop/modist/routing/tapestry/tapestry.go:73.2,79.18 4 0
/Users/haoxingjian/Desktop/modist/routing/tapestry/tapestry.go:69.16,71.3 1 0
/Users/haoxingjian/Desktop/modist/routing/tapestry/tapestry.go:85.34,90.16 4 0
/Users/haoxingjian/Desktop/modist/routing/tapestry/tapestry.go:94.2,94.19 1 0
/Users/haoxingjian/Desktop/modist/routing/tapestry/tapestry.go:98.2,100.16 3 0
/Users/haoxingjian/Desktop/modist/routing/tapestry/tapestry.go:103.2,103.37 1 0
/Users/haoxingjian/Desktop/modist/routing/tapestry/tapestry.go:90.16,92.3 1 0
/Users/haoxingjian/Desktop/modist/routing/tapestry/tapestry.go:94.19,96.3 1 0
/Users/haoxingjian/Desktop/modist/routing/tapestry/tapestry.go:100.16,102.3 1 0
/Users/haoxingjian/Desktop/modist/routing/tapestry/tapestry.go:109.36,114.16 4 0
/Users/haoxingjian/Desktop/modist/routing/tapestry/tapestry.go:118.2,119.26 2 0
/Users/haoxingjian/Desktop/modist/routing/tapestry/tapestry.go:126.2,127.16 2 0
/Users/haoxingjian/Desktop/modist/routing/tapestry/tapestry.go:130.2,130.39 1 0
/Users/haoxingjian/Desktop/modist/routing/tapestry/tapestry.go:114.16,116.3 1 0
/Users/haoxingjian/Desktop/modist/routing/tapestry/tapestry.go:119.26,120.18 1 0
/Users/haoxingjian/Desktop/modist/routing/tapestry/tapestry.go:120.18,122.9 2 0
/Users/haoxingjian/Desktop/modist/routing/tapestry/tapestry.go:127.16,129.3 1 0
/Users/haoxingjian/Desktop/modist/routing/tapestry/node_exit.go:17.35,20.2 2 1
/Users/haoxingjian/Desktop/modist/routing/tapestry/node_exit.go:26.42,30.42 2 1
/Users/haoxingjian/Desktop/modist/routing/tapestry/node_exit.go:52.2,55.12 4 1
/Users/haoxingjian/Desktop/modist/routing/tapestry/node_exit.go:30.42,33.21 3 1
/Users/haoxingjian/Desktop/modist/routing/tapestry/node_exit.go:37.3,38.30 2 1
/Users/haoxingjian/Desktop/modist/routing/tapestry/node_exit.go:33.21,35.4 1 1
/Users/haoxingjian/Desktop/modist/routing/tapestry/node_exit.go:38.30,40.23 2 1
/Users/haoxingjian/Desktop/modist/routing/tapestry/node_exit.go:40.23,48.5 4 1
/Users/haoxingjian/Desktop/modist/routing/tapestry/node_exit.go:64.19,66.16 2 1
/Users/haoxingjian/Desktop/modist/routing/tapestry/node_exit.go:70.2,81.23 5 1
/Users/haoxingjian/Desktop/modist/routing/tapestry/node_exit.go:90.2,90.30 1 1
/Users/haoxingjian/Desktop/modist/routing/tapestry/node_exit.go:66.16,68.3 1 0
/Users/haoxingjian/Desktop/modist/routing/tapestry/node_exit.go:81.23,83.17 2 1
/Users/haoxingjian/Desktop/modist/routing/tapestry/node_exit.go:87.3,87.33 1 1
/Users/haoxingjian/Desktop/modist/routing/tapestry/node_exit.go:83.17,85.4 1 0
/Users/haoxingjian/Desktop/modist/routing/tapestry/backpointers.go:30.43,33.30 3 1
/Users/haoxingjian/Desktop/modist/routing/tapestry/backpointers.go:36.2,36.10 1 1
/Users/haoxingjian/Desktop/modist/routing/tapestry/backpointers.go:33.30,35.3 1 1
/Users/haoxingjian/Desktop/modist/routing/tapestry/backpointers.go:41.50,42.31 1 1
/Users/haoxingjian/Desktop/modist/routing/tapestry/backpointers.go:45.2,45.14 1 0
/Users/haoxingjian/Desktop/modist/routing/tapestry/backpointers.go:42.31,44.3 1 1
/Users/haoxingjian/Desktop/modist/routing/tapestry/backpointers.go:50.53,51.31 1 1
/Users/haoxingjian/Desktop/modist/routing/tapestry/backpointers.go:54.2,54.14 1 0
/Users/haoxingjian/Desktop/modist/routing/tapestry/backpointers.go:51.31,53.3 1 1
/Users/haoxingjian/Desktop/modist/routing/tapestry/backpointers.go:58.44,59.34 1 1
/Users/haoxingjian/Desktop/modist/routing/tapestry/backpointers.go:62.2,62.30 1 1
/Users/haoxingjian/Desktop/modist/routing/tapestry/backpointers.go:59.34,61.3 1 0
/Users/haoxingjian/Desktop/modist/routing/tapestry/backpointers.go:66.56,68.2 1 1
/Users/haoxingjian/Desktop/modist/routing/tapestry/backpointers.go:71.28,75.2 3 1
/Users/haoxingjian/Desktop/modist/routing/tapestry/backpointers.go:79.45,85.2 5 1
/Users/haoxingjian/Desktop/modist/routing/tapestry/backpointers.go:88.46,90.45 2 0
/Users/haoxingjian/Desktop/modist/routing/tapestry/backpointers.go:93.2,93.18 1 0
/Users/haoxingjian/Desktop/modist/routing/tapestry/backpointers.go:90.45,92.3 1 0
/Users/haoxingjian/Desktop/modist/routing/tapestry/backpointers.go:98.48,104.2 5 1
/Users/haoxingjian/Desktop/modist/routing/tapestry/backpointers.go:107.54,112.2 4 0
/Users/haoxingjian/Desktop/modist/routing/tapestry/backpointers.go:115.30,120.2 4 0
/Users/haoxingjian/Desktop/modist/routing/tapestry/backpointers.go:123.32,126.35 3 1
/Users/haoxingjian/Desktop/modist/routing/tapestry/backpointers.go:129.2,130.16 2 1
/Users/haoxingjian/Desktop/modist/routing/tapestry/backpointers.go:126.35,128.3 1 1
/Users/haoxingjian/Desktop/modist/routing/tapestry/blob_store.go:28.32,32.2 3 1
/Users/haoxingjian/Desktop/modist/routing/tapestry/blob_store.go:35.53,37.12 2 1
/Users/haoxingjian/Desktop/modist/routing/tapestry/blob_store.go:40.2,40.19 1 0
/Users/haoxingjian/Desktop/modist/routing/tapestry/blob_store.go:37.12,39.3 1 1
/Users/haoxingjian/Desktop/modist/routing/tapestry/blob_store.go:44.73,50.12 4 1
/Users/haoxingjian/Desktop/modist/routing/tapestry/blob_store.go:55.2,55.40 1 1
/Users/haoxingjian/Desktop/modist/routing/tapestry/blob_store.go:50.12,52.3 1 0
/Users/haoxingjian/Desktop/modist/routing/tapestry/blob_store.go:59.46,65.12 4 1
/Users/haoxingjian/Desktop/modist/routing/tapestry/blob_store.go:68.2,69.15 2 1
/Users/haoxingjian/Desktop/modist/routing/tapestry/blob_store.go:65.12,67.3 1 1
/Users/haoxingjian/Desktop/modist/routing/tapestry/blob_store.go:73.34,77.35 3 1
/Users/haoxingjian/Desktop/modist/routing/tapestry/blob_store.go:77.35,80.3 2 1
/Users/haoxingjian/Desktop/modist/routing/tapestry/id.go:28.41,30.51 2 1
/Users/haoxingjian/Desktop/modist/routing/tapestry/id.go:37.2,37.42 1 1
/Users/haoxingjian/Desktop/modist/routing/tapestry/id.go:41.2,41.20 1 1
/Users/haoxingjian/Desktop/modist/routing/tapestry/id.go:30.51,32.17 2 1
/Users/haoxingjian/Desktop/modist/routing/tapestry/id.go:35.3,35.28 1 1
/Users/haoxingjian/Desktop/modist/routing/tapestry/id.go:32.17,34.4 1 0
/Users/haoxingjian/Desktop/modist/routing/tapestry/id.go:37.42,39.3 1 1
/Users/haoxingjian/Desktop/modist/routing/tapestry/id.go:46.54,48.16 2 1
/Users/haoxingjian/Desktop/modist/routing/tapestry/id.go:52.2,52.25 1 1
/Users/haoxingjian/Desktop/modist/routing/tapestry/id.go:48.16,50.3 1 0
/Users/haoxingjian/Desktop/modist/routing/tapestry/id.go:58.67,63.27 3 1
/Users/haoxingjian/Desktop/modist/routing/tapestry/id.go:67.2,67.30 1 1
/Users/haoxingjian/Desktop/modist/routing/tapestry/id.go:80.2,80.10 1 0
/Users/haoxingjian/Desktop/modist/routing/tapestry/id.go:63.27,65.3 1 1
/Users/haoxingjian/Desktop/modist/routing/tapestry/id.go:67.30,71.13 3 1
/Users/haoxingjian/Desktop/modist/routing/tapestry/id.go:71.13,74.54 2 1
/Users/haoxingjian/Desktop/modist/routing/tapestry/id.go:74.54,76.5 1 1
/Users/haoxingjian/Desktop/modist/routing/tapestry/id.go:84.31,91.20 4 1
/Users/haoxingjian/Desktop/modist/routing/tapestry/id.go:99.2,99.11 1 1
/Users/haoxingjian/Desktop/modist/routing/tapestry/id.go:91.20,93.15 2 1
/Users/haoxingjian/Desktop/modist/routing/tapestry/id.go:96.3,96.16 1 1
/Users/haoxingjian/Desktop/modist/routing/tapestry/id.go:93.15,95.4 1 1
/Users/haoxingjian/Desktop/modist/routing/tapestry/id.go:103.45,106.36 2 1
/Users/haoxingjian/Desktop/modist/routing/tapestry/id.go:113.2,113.18 1 1
/Users/haoxingjian/Desktop/modist/routing/tapestry/id.go:106.36,107.23 1 1
/Users/haoxingjian/Desktop/modist/routing/tapestry/id.go:107.23,109.4 1 1
/Users/haoxingjian/Desktop/modist/routing/tapestry/id.go:109.9,110.9 1 1
/Users/haoxingjian/Desktop/modist/routing/tapestry/id.go:132.54,136.34 3 0
/Users/haoxingjian/Desktop/modist/routing/tapestry/id.go:150.2,150.14 1 0
/Users/haoxingjian/Desktop/modist/routing/tapestry/id.go:136.34,138.3 1 0
/Users/haoxingjian/Desktop/modist/routing/tapestry/id.go:138.8,138.42 1 0
/Users/haoxingjian/Desktop/modist/routing/tapestry/id.go:138.42,139.42 1 0
/Users/haoxingjian/Desktop/modist/routing/tapestry/id.go:139.42,140.32 1 0
/Users/haoxingjian/Desktop/modist/routing/tapestry/id.go:140.32,142.5 1 0
/Users/haoxingjian/Desktop/modist/routing/tapestry/id.go:167.38,173.2 4 1
/Users/haoxingjian/Desktop/modist/routing/tapestry/id.go:176.33,179.27 3 1
/Users/haoxingjian/Desktop/modist/routing/tapestry/id.go:183.2,183.10 1 1
/Users/haoxingjian/Desktop/modist/routing/tapestry/id.go:179.27,182.3 2 1
/Users/haoxingjian/Desktop/modist/routing/tapestry/id.go:187.30,189.23 2 1
/Users/haoxingjian/Desktop/modist/routing/tapestry/id.go:192.2,192.21 1 1
/Users/haoxingjian/Desktop/modist/routing/tapestry/id.go:189.23,191.3 1 1
/Users/haoxingjian/Desktop/modist/routing/tapestry/id.go:196.43,199.29 2 1
/Users/haoxingjian/Desktop/modist/routing/tapestry/id.go:208.2,208.30 1 1
/Users/haoxingjian/Desktop/modist/routing/tapestry/id.go:216.2,216.16 1 1
/Users/haoxingjian/Desktop/modist/routing/tapestry/id.go:199.29,206.3 1 1
/Users/haoxingjian/Desktop/modist/routing/tapestry/id.go:208.30,210.17 2 1
/Users/haoxingjian/Desktop/modist/routing/tapestry/id.go:213.3,213.19 1 1
/Users/haoxingjian/Desktop/modist/routing/tapestry/id.go:210.17,212.4 1 0
/Users/haoxingjian/Desktop/modist/routing/tapestry/id.go:220.36,222.2 1 1
/Users/haoxingjian/Desktop/modist/routing/tapestry/id.go:224.29,226.25 2 0
/Users/haoxingjian/Desktop/modist/routing/tapestry/id.go:229.2,229.10 1 0
/Users/haoxingjian/Desktop/modist/routing/tapestry/id.go:226.25,228.3 1 0
/Users/haoxingjian/Desktop/modist/routing/tapestry/id.go:232.35,233.21 1 0
/Users/haoxingjian/Desktop/modist/routing/tapestry/id.go:236.2,236.33 1 0
/Users/haoxingjian/Desktop/modist/routing/tapestry/id.go:239.2,239.8 1 0
/Users/haoxingjian/Desktop/modist/routing/tapestry/id.go:233.21,235.3 1 0
/Users/haoxingjian/Desktop/modist/routing/tapestry/id.go:236.33,238.3 1 0
/Users/haoxingjian/Desktop/modist/routing/tapestry/id.go:243.42,245.25 2 1
/Users/haoxingjian/Desktop/modist/routing/tapestry/id.go:248.2,248.18 1 1
/Users/haoxingjian/Desktop/modist/routing/tapestry/id.go:245.25,247.3 1 1
/Users/haoxingjian/Desktop/modist/routing/tapestry/id.go:252.57,254.37 2 1
/Users/haoxingjian/Desktop/modist/routing/tapestry/id.go:262.2,262.17 1 1
/Users/haoxingjian/Desktop/modist/routing/tapestry/id.go:254.37,256.17 2 1
/Users/haoxingjian/Desktop/modist/routing/tapestry/id.go:260.3,260.24 1 1
/Users/haoxingjian/Desktop/modist/routing/tapestry/id.go:256.17,258.4 1 0
/Users/haoxingjian/Desktop/modist/routing/tapestry/node_core.go:18.72,21.16 2 1
/Users/haoxingjian/Desktop/modist/routing/tapestry/node_core.go:24.2,26.12 2 1
/Users/haoxingjian/Desktop/modist/routing/tapestry/node_core.go:21.16,23.3 1 0
/Users/haoxingjian/Desktop/modist/routing/tapestry/node_core.go:31.60,35.16 2 1
/Users/haoxingjian/Desktop/modist/routing/tapestry/node_core.go:38.2,38.25 1 1
/Users/haoxingjian/Desktop/modist/routing/tapestry/node_core.go:43.2,48.37 3 1
/Users/haoxingjian/Desktop/modist/routing/tapestry/node_core.go:59.2,59.77 1 1
/Users/haoxingjian/Desktop/modist/routing/tapestry/node_core.go:35.16,37.3 1 0
/Users/haoxingjian/Desktop/modist/routing/tapestry/node_core.go:38.25,40.3 1 1
/Users/haoxingjian/Desktop/modist/routing/tapestry/node_core.go:48.37,52.17 4 1
/Users/haoxingjian/Desktop/modist/routing/tapestry/node_core.go:52.17,54.4 1 1
/Users/haoxingjian/Desktop/modist/routing/tapestry/node_core.go:54.9,54.30 1 1
/Users/haoxingjian/Desktop/modist/routing/tapestry/node_core.go:54.30,56.4 1 1
/Users/haoxingjian/Desktop/modist/routing/tapestry/node_core.go:63.52,66.2 1 1
/Users/haoxingjian/Desktop/modist/routing/tapestry/node_core.go:88.67,94.31 5 1
/Users/haoxingjian/Desktop/modist/routing/tapestry/node_core.go:120.2,120.16 1 1
/Users/haoxingjian/Desktop/modist/routing/tapestry/node_core.go:124.2,125.42 2 1
/Users/haoxingjian/Desktop/modist/routing/tapestry/node_core.go:166.2,166.22 1 1
/Users/haoxingjian/Desktop/modist/routing/tapestry/node_core.go:94.31,96.17 2 1
/Users/haoxingjian/Desktop/modist/routing/tapestry/node_core.go:99.3,100.17 2 1
/Users/haoxingjian/Desktop/modist/routing/tapestry/node_core.go:104.3,110.17 4 1
/Users/haoxingjian/Desktop/modist/routing/tapestry/node_core.go:114.3,114.13 1 1
/Users/haoxingjian/Desktop/modist/routing/tapestry/node_core.go:117.3,117.8 1 1
/Users/haoxingjian/Desktop/modist/routing/tapestry/node_core.go:96.17,97.12 1 0
/Users/haoxingjian/Desktop/modist/routing/tapestry/node_core.go:100.17,101.12 1 0
/Users/haoxingjian/Desktop/modist/routing/tapestry/node_core.go:110.17,112.12 2 0
/Users/haoxingjian/Desktop/modist/routing/tapestry/node_core.go:114.13,115.12 1 0
/Users/haoxingjian/Desktop/modist/routing/tapestry/node_core.go:120.16,122.3 1 0
/Users/haoxingjian/Desktop/modist/routing/tapestry/node_core.go:125.42,128.7 3 1
/Users/haoxingjian/Desktop/modist/routing/tapestry/node_core.go:128.7,129.11 1 1
/Users/haoxingjian/Desktop/modist/routing/tapestry/node_core.go:130.20,131.11 1 1
/Users/haoxingjian/Desktop/modist/routing/tapestry/node_core.go:132.25,137.34 5 1
/Users/haoxingjian/Desktop/modist/routing/tapestry/node_core.go:137.34,139.20 2 1
/Users/haoxingjian/Desktop/modist/routing/tapestry/node_core.go:142.6,143.20 2 1
/Users/haoxingjian/Desktop/modist/routing/tapestry/node_core.go:147.6,153.20 4 1
/Users/haoxingjian/Desktop/modist/routing/tapestry/node_core.go:157.6,157.16 1 1
/Users/haoxingjian/Desktop/modist/routing/tapestry/node_core.go:160.6,160.11 1 1
/Users/haoxingjian/Desktop/modist/routing/tapestry/node_core.go:139.20,140.15 1 0
/Users/haoxingjian/Desktop/modist/routing/tapestry/node_core.go:143.20,144.15 1 0
/Users/haoxingjian/Desktop/modist/routing/tapestry/node_core.go:153.20,155.15 2 0
/Users/haoxingjian/Desktop/modist/routing/tapestry/node_core.go:157.16,158.15 1 0
/Users/haoxingjian/Desktop/modist/routing/tapestry/node_core.go:174.61,181.31 6 1
/Users/haoxingjian/Desktop/modist/routing/tapestry/node_core.go:209.2,209.16 1 0
/Users/haoxingjian/Desktop/modist/routing/tapestry/node_core.go:212.2,212.73 1 0
/Users/haoxingjian/Desktop/modist/routing/tapestry/node_core.go:181.31,183.17 2 1
/Users/haoxingjian/Desktop/modist/routing/tapestry/node_core.go:186.3,187.17 2 1
/Users/haoxingjian/Desktop/modist/routing/tapestry/node_core.go:191.3,194.17 4 1
/Users/haoxingjian/Desktop/modist/routing/tapestry/node_core.go:198.3,198.31 1 1
/Users/haoxingjian/Desktop/modist/routing/tapestry/node_core.go:202.3,203.17 2 1
/Users/haoxingjian/Desktop/modist/routing/tapestry/node_core.go:206.3,206.21 1 1
/Users/haoxingjian/Desktop/modist/routing/tapestry/node_core.go:183.17,184.12 1 0
/Users/haoxingjian/Desktop/modist/routing/tapestry/node_core.go:187.17,188.12 1 0
/Users/haoxingjian/Desktop/modist/routing/tapestry/node_core.go:194.17,196.12 2 0
/Users/haoxingjian/Desktop/modist/routing/tapestry/node_core.go:198.31,199.12 1 0
/Users/haoxingjian/Desktop/modist/routing/tapestry/node_core.go:203.17,204.12 1 0
/Users/haoxingjian/Desktop/modist/routing/tapestry/node_core.go:209.16,211.3 1 0
/Users/haoxingjian/Desktop/modist/routing/tapestry/node_core.go:219.96,222.16 2 1
/Users/haoxingjian/Desktop/modist/routing/tapestry/node_core.go:226.2,230.28 4 1
/Users/haoxingjian/Desktop/modist/routing/tapestry/node_core.go:253.2,256.8 1 1
/Users/haoxingjian/Desktop/modist/routing/tapestry/node_core.go:222.16,224.3 1 0
/Users/haoxingjian/Desktop/modist/routing/tapestry/node_core.go:230.28,237.17 4 1
/Users/haoxingjian/Desktop/modist/routing/tapestry/node_core.go:237.17,241.4 3 1
/Users/haoxingjian/Desktop/modist/routing/tapestry/node_core.go:241.9,249.4 3 1
/Users/haoxingjian/Desktop/modist/routing/tapestry/node_core.go:267.19,270.16 2 1
/Users/haoxingjian/Desktop/modist/routing/tapestry/node_core.go:274.2,277.16 3 1
/Users/haoxingjian/Desktop/modist/routing/tapestry/node_core.go:280.2,281.16 2 1
/Users/haoxingjian/Desktop/modist/routing/tapestry/node_core.go:284.2,284.22 1 1
/Users/haoxingjian/Desktop/modist/routing/tapestry/node_core.go:288.2,289.30 2 1
/Users/haoxingjian/Desktop/modist/routing/tapestry/node_core.go:270.16,272.3 1 0
/Users/haoxingjian/Desktop/modist/routing/tapestry/node_core.go:277.16,279.3 1 0
/Users/haoxingjian/Desktop/modist/routing/tapestry/node_core.go:281.16,283.3 1 0
/Users/haoxingjian/Desktop/modist/routing/tapestry/node_core.go:284.22,286.3 1 0
/Users/haoxingjian/Desktop/modist/routing/tapestry/node_core.go:297.33,300.16 2 1
/Users/haoxingjian/Desktop/modist/routing/tapestry/node_core.go:303.2,304.16 2 1
/Users/haoxingjian/Desktop/modist/routing/tapestry/node_core.go:308.2,308.22 1 1
/Users/haoxingjian/Desktop/modist/routing/tapestry/node_core.go:314.2,317.8 1 1
/Users/haoxingjian/Desktop/modist/routing/tapestry/node_core.go:300.16,302.3 1 0
/Users/haoxingjian/Desktop/modist/routing/tapestry/node_core.go:304.16,306.3 1 0
/Users/haoxingjian/Desktop/modist/routing/tapestry/node_core.go:308.22,313.3 1 0
/Users/haoxingjian/Desktop/modist/routing/tapestry/node_core.go:324.25,329.11 3 1
/Users/haoxingjian/Desktop/modist/routing/tapestry/node_core.go:333.2,336.8 1 1
/Users/haoxingjian/Desktop/modist/routing/tapestry/node_core.go:329.11,331.3 1 0
/Users/haoxingjian/Desktop/modist/routing/tapestry/node_core.go:344.19,346.16 2 1
/Users/haoxingjian/Desktop/modist/routing/tapestry/node_core.go:350.2,351.42 2 1
/Users/haoxingjian/Desktop/modist/routing/tapestry/node_core.go:358.2,361.30 3 1
/Users/haoxingjian/Desktop/modist/routing/tapestry/node_core.go:346.16,348.3 1 1
/Users/haoxingjian/Desktop/modist/routing/tapestry/node_core.go:351.42,353.17 2 1
/Users/haoxingjian/Desktop/modist/routing/tapestry/node_core.go:353.17,355.4 1 0
/Users/haoxingjian/Desktop/modist/routing/tapestry/node_core.go:365.86,372.16 4 1
/Users/haoxingjian/Desktop/modist/routing/tapestry/node_core.go:377.2,378.16 2 1
/Users/haoxingjian/Desktop/modist/routing/tapestry/node_core.go:381.2,381.19 1 1
/Users/haoxingjian/Desktop/modist/routing/tapestry/node_core.go:372.16,375.3 2 0
/Users/haoxingjian/Desktop/modist/routing/tapestry/node_core.go:378.16,380.3 1 0
